# Hüseyin Bagriacik Log-Buch

- Montag, 17.03.2025 (KI)
	-> [In-Off, 8:50 - 11:15 Uhr]		Kick-Off Besprechung von Lehrkraft:KI und Vorstellung mit
						Anforderung und Vision

	-> [Offi, 8:50 - 11:15 Uhr]		Teambuilding Susanne, Hüseyin
	
	-> [Offi, 8:50 - 11:15 Uhr]		Python Pakete Vorstellung yolo, pytesseract, opencv, pandas, pygame

- Dienstag, 18.03.2025 (KNT -> KI)
	-> [Offi, 10:10 - 11:15 Uhr]		Abhängigkeitspakete Evaluierung und Reasearching
	
	-> [Offi, 10:10 - 11:15 Uhr]		Erstellung lokales git-repository

<- Mittwoch, 19.03.2025 (MCR)
	-> [Offi, 8:00 - 10:30 Uhr]		---- Abewenseheit ---- 

- Montag, 24.03.2025 (KI)
	-> [Offi, 10:00 - 11:15 Uhr]		Anforderungskatalog erstellt und Anforderungen durchgesprochen
						Anforderung in Aufgaben Blöcken aufgeteilt und erstes Konzept erstellt 
						Park-Lounge-AI_*.jpg ,{Overview, Overview_2.0, Task_Overview}

- Montag, 24.03.2025 (KI)
	-> [Offi, 10:00 - 11:15 Uhr]		Remote Git-Repository erstellt und push lokales Änderung vom 18.03.

- Mittwoch, 26.03.2025 (MCR)
	-> [Offi, 8:00 - 10:30 Uhr]		---- Abwesenheit - Grund: Krank AU liegt vor - Donnerstag ebenfalls ----

- Montag, 31.03.2025 (KI)
	-> [Offi, 8:00 - 9:30 Uhr]		Status-Meet zum Projekt
						State_Machine.png vorgestellt von paal97 und besprochen
						Aufgabenverteilung - hbagriacik02: Aufsetzen der Python Umgebung + Lokale Recovery Probleme fixen
						

[LEGENDE]
[Offi = Offizieles]
[In-Off = Inoffizieles]
